2016-01-16 14:35:41,963 - context.support.ClassPathXmlApplicationContext [main] INFO  context.support.AbstractApplicationContext(578) [] - Refreshing org.springframework.context.support.ClassPathXmlApplicationContext@4bb4de6a: startup date [Sat Jan 16 14:35:41 CST 2016]; root of context hierarchy
2016-01-16 14:35:42,447 - factory.xml.XmlBeanDefinitionReader [main] INFO  factory.xml.XmlBeanDefinitionReader(317) [] - Loading XML bean definitions from file [D:\ideaProject\MultimediaDesktop2\Server\target\classes\applicationContext-import.xml]
2016-01-16 14:35:42,859 - factory.xml.XmlBeanDefinitionReader [main] INFO  factory.xml.XmlBeanDefinitionReader(317) [] - Loading XML bean definitions from file [D:\ideaProject\MultimediaDesktop2\Server\target\classes\rpc\dubbo-rpc.xml]
2016-01-16 14:35:43,043 - factory.xml.XmlBeanDefinitionReader [main] INFO  factory.xml.XmlBeanDefinitionReader(317) [] - Loading XML bean definitions from file [D:\ideaProject\MultimediaDesktop2\Server\target\classes\mail\mail.xml]
2016-01-16 14:35:43,068 - factory.xml.XmlBeanDefinitionReader [main] INFO  factory.xml.XmlBeanDefinitionReader(317) [] - Loading XML bean definitions from file [D:\ideaProject\MultimediaDesktop2\Server\target\classes\applicationContext.xml]
2016-01-16 14:35:43,897 - factory.support.DefaultListableBeanFactory [main] INFO  factory.support.DefaultListableBeanFactory(839) [] - Overriding bean definition for bean 'springContextHelper' with a different definition: replacing [Generic bean: class [com.wms.studio.utils.SpringContextHelper]; scope=singleton; abstract=false; lazyInit=false; autowireMode=0; dependencyCheck=0; autowireCandidate=true; primary=false; factoryBeanName=null; factoryMethodName=null; initMethodName=null; destroyMethodName=null; defined in file [D:\ideaProject\MultimediaDesktop2\Server\target\classes\com\wms\studio\utils\SpringContextHelper.class]] with [Generic bean: class [com.wms.studio.utils.SpringContextHelper]; scope=; abstract=false; lazyInit=false; autowireMode=0; dependencyCheck=0; autowireCandidate=true; primary=false; factoryBeanName=null; factoryMethodName=null; initMethodName=null; destroyMethodName=null; defined in file [D:\ideaProject\MultimediaDesktop2\Server\target\classes\applicationContext.xml]]
2016-01-16 14:35:44,588 - factory.config.PropertyPlaceholderConfigurer [main] INFO  io.support.PropertiesLoaderSupport(172) [] - Loading properties file from class path resource [db.properties]
2016-01-16 14:35:44,589 - factory.config.PropertyPlaceholderConfigurer [main] INFO  io.support.PropertiesLoaderSupport(172) [] - Loading properties file from class path resource [mail.properties]
2016-01-16 14:35:44,590 - factory.config.PropertyPlaceholderConfigurer [main] INFO  io.support.PropertiesLoaderSupport(172) [] - Loading properties file from class path resource [system.properties]
2016-01-16 14:35:47,535 - context.support.ClassPathXmlApplicationContext [main] WARN  context.support.AbstractApplicationContext(546) [] - Exception encountered during context initialization - cancelling refresh attempt: org.springframework.beans.factory.BeanCreationException: Error creating bean with name 'entityManagerFactory' defined in file [D:\ideaProject\MultimediaDesktop2\Server\target\classes\applicationContext.xml]: Cannot resolve reference to bean 'dataSource' while setting bean property 'dataSource'; nested exception is org.springframework.beans.factory.BeanCreationException: Error creating bean with name 'dataSource' defined in file [D:\ideaProject\MultimediaDesktop2\Server\target\classes\applicationContext.xml]: Invocation of init method failed; nested exception is com.mysql.jdbc.exceptions.jdbc4.CommunicationsException: Communications link failure

The last packet sent successfully to the server was 0 milliseconds ago. The driver has not received any packets from the server.
2016-01-16 15:12:55,275 - context.support.ClassPathXmlApplicationContext [main] INFO  context.support.AbstractApplicationContext(578) [] - Refreshing org.springframework.context.support.ClassPathXmlApplicationContext@4bb4de6a: startup date [Sat Jan 16 15:12:55 CST 2016]; root of context hierarchy
2016-01-16 15:12:55,694 - factory.xml.XmlBeanDefinitionReader [main] INFO  factory.xml.XmlBeanDefinitionReader(317) [] - Loading XML bean definitions from file [D:\ideaProject\MultimediaDesktop2\Server\target\classes\applicationContext-import.xml]
2016-01-16 15:12:55,800 - factory.xml.XmlBeanDefinitionReader [main] INFO  factory.xml.XmlBeanDefinitionReader(317) [] - Loading XML bean definitions from file [D:\ideaProject\MultimediaDesktop2\Server\target\classes\rpc\dubbo-rpc.xml]
2016-01-16 15:12:55,940 - factory.xml.XmlBeanDefinitionReader [main] INFO  factory.xml.XmlBeanDefinitionReader(317) [] - Loading XML bean definitions from file [D:\ideaProject\MultimediaDesktop2\Server\target\classes\mail\mail.xml]
2016-01-16 15:12:56,059 - factory.xml.XmlBeanDefinitionReader [main] INFO  factory.xml.XmlBeanDefinitionReader(317) [] - Loading XML bean definitions from file [D:\ideaProject\MultimediaDesktop2\Server\target\classes\applicationContext.xml]
2016-01-16 15:12:57,127 - factory.support.DefaultListableBeanFactory [main] INFO  factory.support.DefaultListableBeanFactory(839) [] - Overriding bean definition for bean 'springContextHelper' with a different definition: replacing [Generic bean: class [com.wms.studio.utils.SpringContextHelper]; scope=singleton; abstract=false; lazyInit=false; autowireMode=0; dependencyCheck=0; autowireCandidate=true; primary=false; factoryBeanName=null; factoryMethodName=null; initMethodName=null; destroyMethodName=null; defined in file [D:\ideaProject\MultimediaDesktop2\Server\target\classes\com\wms\studio\utils\SpringContextHelper.class]] with [Generic bean: class [com.wms.studio.utils.SpringContextHelper]; scope=; abstract=false; lazyInit=false; autowireMode=0; dependencyCheck=0; autowireCandidate=true; primary=false; factoryBeanName=null; factoryMethodName=null; initMethodName=null; destroyMethodName=null; defined in file [D:\ideaProject\MultimediaDesktop2\Server\target\classes\applicationContext.xml]]
2016-01-16 15:12:57,444 - factory.config.PropertyPlaceholderConfigurer [main] INFO  io.support.PropertiesLoaderSupport(172) [] - Loading properties file from class path resource [db.properties]
2016-01-16 15:12:57,445 - factory.config.PropertyPlaceholderConfigurer [main] INFO  io.support.PropertiesLoaderSupport(172) [] - Loading properties file from class path resource [mail.properties]
2016-01-16 15:12:57,445 - factory.config.PropertyPlaceholderConfigurer [main] INFO  io.support.PropertiesLoaderSupport(172) [] - Loading properties file from class path resource [system.properties]
2016-01-16 15:12:58,639 - context.support.ClassPathXmlApplicationContext [main] WARN  context.support.AbstractApplicationContext(546) [] - Exception encountered during context initialization - cancelling refresh attempt: org.springframework.beans.factory.BeanCreationException: Error creating bean with name 'entityManagerFactory' defined in file [D:\ideaProject\MultimediaDesktop2\Server\target\classes\applicationContext.xml]: Cannot resolve reference to bean 'dataSource' while setting bean property 'dataSource'; nested exception is org.springframework.beans.factory.BeanCreationException: Error creating bean with name 'dataSource' defined in file [D:\ideaProject\MultimediaDesktop2\Server\target\classes\applicationContext.xml]: Invocation of init method failed; nested exception is com.mysql.jdbc.exceptions.jdbc4.CommunicationsException: Communications link failure

The last packet sent successfully to the server was 0 milliseconds ago. The driver has not received any packets from the server.
2016-01-16 15:17:15,026 - context.support.ClassPathXmlApplicationContext [main] INFO  context.support.AbstractApplicationContext(578) [] - Refreshing org.springframework.context.support.ClassPathXmlApplicationContext@4bb4de6a: startup date [Sat Jan 16 15:17:15 CST 2016]; root of context hierarchy
2016-01-16 15:17:15,536 - factory.xml.XmlBeanDefinitionReader [main] INFO  factory.xml.XmlBeanDefinitionReader(317) [] - Loading XML bean definitions from file [D:\ideaProject\MultimediaDesktop2\Server\target\classes\applicationContext-import.xml]
2016-01-16 15:17:15,630 - factory.xml.XmlBeanDefinitionReader [main] INFO  factory.xml.XmlBeanDefinitionReader(317) [] - Loading XML bean definitions from file [D:\ideaProject\MultimediaDesktop2\Server\target\classes\rpc\dubbo-rpc.xml]
2016-01-16 15:17:15,765 - factory.xml.XmlBeanDefinitionReader [main] INFO  factory.xml.XmlBeanDefinitionReader(317) [] - Loading XML bean definitions from file [D:\ideaProject\MultimediaDesktop2\Server\target\classes\mail\mail.xml]
2016-01-16 15:17:15,882 - factory.xml.XmlBeanDefinitionReader [main] INFO  factory.xml.XmlBeanDefinitionReader(317) [] - Loading XML bean definitions from file [D:\ideaProject\MultimediaDesktop2\Server\target\classes\applicationContext.xml]
2016-01-16 15:17:16,774 - factory.support.DefaultListableBeanFactory [main] INFO  factory.support.DefaultListableBeanFactory(839) [] - Overriding bean definition for bean 'springContextHelper' with a different definition: replacing [Generic bean: class [com.wms.studio.utils.SpringContextHelper]; scope=singleton; abstract=false; lazyInit=false; autowireMode=0; dependencyCheck=0; autowireCandidate=true; primary=false; factoryBeanName=null; factoryMethodName=null; initMethodName=null; destroyMethodName=null; defined in file [D:\ideaProject\MultimediaDesktop2\Server\target\classes\com\wms\studio\utils\SpringContextHelper.class]] with [Generic bean: class [com.wms.studio.utils.SpringContextHelper]; scope=; abstract=false; lazyInit=false; autowireMode=0; dependencyCheck=0; autowireCandidate=true; primary=false; factoryBeanName=null; factoryMethodName=null; initMethodName=null; destroyMethodName=null; defined in file [D:\ideaProject\MultimediaDesktop2\Server\target\classes\applicationContext.xml]]
2016-01-16 15:17:17,056 - factory.config.PropertyPlaceholderConfigurer [main] INFO  io.support.PropertiesLoaderSupport(172) [] - Loading properties file from class path resource [db.properties]
2016-01-16 15:17:17,056 - factory.config.PropertyPlaceholderConfigurer [main] INFO  io.support.PropertiesLoaderSupport(172) [] - Loading properties file from class path resource [mail.properties]
2016-01-16 15:17:17,057 - factory.config.PropertyPlaceholderConfigurer [main] INFO  io.support.PropertiesLoaderSupport(172) [] - Loading properties file from class path resource [system.properties]
2016-01-16 15:17:18,398 - context.support.ClassPathXmlApplicationContext [main] WARN  context.support.AbstractApplicationContext(546) [] - Exception encountered during context initialization - cancelling refresh attempt: org.springframework.beans.factory.BeanCreationException: Error creating bean with name 'entityManagerFactory' defined in file [D:\ideaProject\MultimediaDesktop2\Server\target\classes\applicationContext.xml]: Cannot resolve reference to bean 'dataSource' while setting bean property 'dataSource'; nested exception is org.springframework.beans.factory.BeanCreationException: Error creating bean with name 'dataSource' defined in file [D:\ideaProject\MultimediaDesktop2\Server\target\classes\applicationContext.xml]: Invocation of init method failed; nested exception is com.mysql.jdbc.exceptions.jdbc4.CommunicationsException: Communications link failure

The last packet sent successfully to the server was 0 milliseconds ago. The driver has not received any packets from the server.
2016-01-16 15:20:59,210 - context.support.ClassPathXmlApplicationContext [main] INFO  context.support.AbstractApplicationContext(578) [] - Refreshing org.springframework.context.support.ClassPathXmlApplicationContext@3e27ba32: startup date [Sat Jan 16 15:20:59 CST 2016]; root of context hierarchy
2016-01-16 15:21:05,647 - factory.xml.XmlBeanDefinitionReader [main] INFO  factory.xml.XmlBeanDefinitionReader(317) [] - Loading XML bean definitions from file [D:\ideaProject\MultimediaDesktop2\Server\target\classes\applicationContext-import.xml]
2016-01-16 15:21:05,858 - factory.xml.XmlBeanDefinitionReader [main] INFO  factory.xml.XmlBeanDefinitionReader(317) [] - Loading XML bean definitions from file [D:\ideaProject\MultimediaDesktop2\Server\target\classes\rpc\dubbo-rpc.xml]
2016-01-16 15:21:06,319 - factory.xml.XmlBeanDefinitionReader [main] INFO  factory.xml.XmlBeanDefinitionReader(317) [] - Loading XML bean definitions from file [D:\ideaProject\MultimediaDesktop2\Server\target\classes\mail\mail.xml]
2016-01-16 15:21:06,423 - factory.xml.XmlBeanDefinitionReader [main] INFO  factory.xml.XmlBeanDefinitionReader(317) [] - Loading XML bean definitions from file [D:\ideaProject\MultimediaDesktop2\Server\target\classes\applicationContext.xml]
2016-01-16 15:21:08,464 - factory.support.DefaultListableBeanFactory [main] INFO  factory.support.DefaultListableBeanFactory(839) [] - Overriding bean definition for bean 'springContextHelper' with a different definition: replacing [Generic bean: class [com.wms.studio.utils.SpringContextHelper]; scope=singleton; abstract=false; lazyInit=false; autowireMode=0; dependencyCheck=0; autowireCandidate=true; primary=false; factoryBeanName=null; factoryMethodName=null; initMethodName=null; destroyMethodName=null; defined in file [D:\ideaProject\MultimediaDesktop2\Server\target\classes\com\wms\studio\utils\SpringContextHelper.class]] with [Generic bean: class [com.wms.studio.utils.SpringContextHelper]; scope=; abstract=false; lazyInit=false; autowireMode=0; dependencyCheck=0; autowireCandidate=true; primary=false; factoryBeanName=null; factoryMethodName=null; initMethodName=null; destroyMethodName=null; defined in file [D:\ideaProject\MultimediaDesktop2\Server\target\classes\applicationContext.xml]]
2016-01-16 15:21:09,431 - factory.config.PropertyPlaceholderConfigurer [main] INFO  io.support.PropertiesLoaderSupport(172) [] - Loading properties file from class path resource [db.properties]
2016-01-16 15:21:09,433 - factory.config.PropertyPlaceholderConfigurer [main] INFO  io.support.PropertiesLoaderSupport(172) [] - Loading properties file from class path resource [mail.properties]
2016-01-16 15:21:09,434 - factory.config.PropertyPlaceholderConfigurer [main] INFO  io.support.PropertiesLoaderSupport(172) [] - Loading properties file from class path resource [system.properties]
2016-01-16 15:21:20,067 - context.support.ClassPathXmlApplicationContext [main] WARN  context.support.AbstractApplicationContext(546) [] - Exception encountered during context initialization - cancelling refresh attempt: org.springframework.beans.factory.BeanCreationException: Error creating bean with name 'entityManagerFactory' defined in file [D:\ideaProject\MultimediaDesktop2\Server\target\classes\applicationContext.xml]: Cannot resolve reference to bean 'dataSource' while setting bean property 'dataSource'; nested exception is org.springframework.beans.factory.BeanCreationException: Error creating bean with name 'dataSource' defined in file [D:\ideaProject\MultimediaDesktop2\Server\target\classes\applicationContext.xml]: Invocation of init method failed; nested exception is com.mysql.jdbc.exceptions.jdbc4.CommunicationsException: Communications link failure

The last packet sent successfully to the server was 0 milliseconds ago. The driver has not received any packets from the server.
2016-01-16 15:28:30,993 - common.logger.LoggerFactory [main] INFO  ?() [] - using logger: com.alibaba.dubbo.common.logger.log4j.Log4jLoggerAdapter
2016-01-16 15:28:31,030 - dubbo.container.Main [main] INFO  dubbo.container.Main(58) [] -  [DUBBO] Use container type([spring]) to run dubbo serivce., dubbo version: 2.5.3, current host: 127.0.0.1
2016-01-16 15:28:31,396 - context.support.ClassPathXmlApplicationContext [main] INFO  context.support.AbstractApplicationContext(578) [] - Refreshing org.springframework.context.support.ClassPathXmlApplicationContext@954b04f: startup date [Sat Jan 16 15:28:31 CST 2016]; root of context hierarchy
2016-01-16 15:28:31,763 - factory.xml.XmlBeanDefinitionReader [main] INFO  factory.xml.XmlBeanDefinitionReader(317) [] - Loading XML bean definitions from file [D:\ideaProject\MultimediaDesktop2\Server\target\classes\applicationContext-import.xml]
2016-01-16 15:28:31,853 - factory.xml.XmlBeanDefinitionReader [main] INFO  factory.xml.XmlBeanDefinitionReader(317) [] - Loading XML bean definitions from file [D:\ideaProject\MultimediaDesktop2\Server\target\classes\rpc\dubbo-rpc.xml]
2016-01-16 15:28:31,993 - factory.xml.XmlBeanDefinitionReader [main] INFO  factory.xml.XmlBeanDefinitionReader(317) [] - Loading XML bean definitions from file [D:\ideaProject\MultimediaDesktop2\Server\target\classes\mail\mail.xml]
2016-01-16 15:28:32,006 - factory.xml.XmlBeanDefinitionReader [main] INFO  factory.xml.XmlBeanDefinitionReader(317) [] - Loading XML bean definitions from file [D:\ideaProject\MultimediaDesktop2\Server\target\classes\applicationContext.xml]
2016-01-16 15:28:32,390 - factory.support.DefaultListableBeanFactory [main] INFO  factory.support.DefaultListableBeanFactory(839) [] - Overriding bean definition for bean 'springContextHelper' with a different definition: replacing [Generic bean: class [com.wms.studio.utils.SpringContextHelper]; scope=singleton; abstract=false; lazyInit=false; autowireMode=0; dependencyCheck=0; autowireCandidate=true; primary=false; factoryBeanName=null; factoryMethodName=null; initMethodName=null; destroyMethodName=null; defined in file [D:\ideaProject\MultimediaDesktop2\Server\target\classes\com\wms\studio\utils\SpringContextHelper.class]] with [Generic bean: class [com.wms.studio.utils.SpringContextHelper]; scope=; abstract=false; lazyInit=false; autowireMode=0; dependencyCheck=0; autowireCandidate=true; primary=false; factoryBeanName=null; factoryMethodName=null; initMethodName=null; destroyMethodName=null; defined in file [D:\ideaProject\MultimediaDesktop2\Server\target\classes\applicationContext.xml]]
2016-01-16 15:28:32,634 - factory.config.PropertyPlaceholderConfigurer [main] INFO  io.support.PropertiesLoaderSupport(172) [] - Loading properties file from class path resource [db.properties]
2016-01-16 15:28:32,635 - factory.config.PropertyPlaceholderConfigurer [main] INFO  io.support.PropertiesLoaderSupport(172) [] - Loading properties file from class path resource [mail.properties]
2016-01-16 15:28:32,635 - factory.config.PropertyPlaceholderConfigurer [main] INFO  io.support.PropertiesLoaderSupport(172) [] - Loading properties file from class path resource [system.properties]
2016-01-16 15:28:33,857 - druid.pool.DruidDataSource [main] ERROR druid.pool.DruidDataSource(643) [] - init datasource error, url: jdbc:log4jdbc:mysql://mysql.wms.studio:3306/multimediaDesktop?createDatabaseIfNotExist=true&useUnicode=true&characterEncoding=utf8
com.mysql.jdbc.exceptions.jdbc4.CommunicationsException: Communications link failure

The last packet sent successfully to the server was 0 milliseconds ago. The driver has not received any packets from the server.
	at sun.reflect.NativeConstructorAccessorImpl.newInstance0(Native Method) ~[?:1.8.0_66]
	at sun.reflect.NativeConstructorAccessorImpl.newInstance(NativeConstructorAccessorImpl.java:62) ~[?:1.8.0_66]
	at sun.reflect.DelegatingConstructorAccessorImpl.newInstance(DelegatingConstructorAccessorImpl.java:45) ~[?:1.8.0_66]
	at java.lang.reflect.Constructor.newInstance(Constructor.java:422) ~[?:1.8.0_66]
	at com.mysql.jdbc.Util.handleNewInstance(Util.java:408) ~[mysql-connector-java-5.1.31.jar:?]
	at com.mysql.jdbc.SQLError.createCommunicationsException(SQLError.java:1137) ~[mysql-connector-java-5.1.31.jar:?]
	at com.mysql.jdbc.MysqlIO.<init>(MysqlIO.java:356) ~[mysql-connector-java-5.1.31.jar:?]
	at com.mysql.jdbc.ConnectionImpl.coreConnect(ConnectionImpl.java:2504) ~[mysql-connector-java-5.1.31.jar:?]
	at com.mysql.jdbc.ConnectionImpl.connectOneTryOnly(ConnectionImpl.java:2541) ~[mysql-connector-java-5.1.31.jar:?]
	at com.mysql.jdbc.ConnectionImpl.createNewIO(ConnectionImpl.java:2323) ~[mysql-connector-java-5.1.31.jar:?]
	at com.mysql.jdbc.ConnectionImpl.<init>(ConnectionImpl.java:832) ~[mysql-connector-java-5.1.31.jar:?]
	at com.mysql.jdbc.JDBC4Connection.<init>(JDBC4Connection.java:46) ~[mysql-connector-java-5.1.31.jar:?]
	at sun.reflect.NativeConstructorAccessorImpl.newInstance0(Native Method) ~[?:1.8.0_66]
	at sun.reflect.NativeConstructorAccessorImpl.newInstance(NativeConstructorAccessorImpl.java:62) ~[?:1.8.0_66]
	at sun.reflect.DelegatingConstructorAccessorImpl.newInstance(DelegatingConstructorAccessorImpl.java:45) ~[?:1.8.0_66]
	at java.lang.reflect.Constructor.newInstance(Constructor.java:422) ~[?:1.8.0_66]
	at com.mysql.jdbc.Util.handleNewInstance(Util.java:408) ~[mysql-connector-java-5.1.31.jar:?]
	at com.mysql.jdbc.ConnectionImpl.getInstance(ConnectionImpl.java:417) ~[mysql-connector-java-5.1.31.jar:?]
	at com.mysql.jdbc.NonRegisteringDriver.connect(NonRegisteringDriver.java:344) ~[mysql-connector-java-5.1.31.jar:?]
	at net.sf.log4jdbc.DriverSpy.connect(DriverSpy.java:728) ~[log4jdbc-1.2.jar:?]
	at com.alibaba.druid.filter.FilterChainImpl.connection_connect(FilterChainImpl.java:148) ~[druid-1.0.15.jar:1.0.15]
	at com.alibaba.druid.filter.FilterAdapter.connection_connect(FilterAdapter.java:785) ~[druid-1.0.15.jar:1.0.15]
	at com.alibaba.druid.filter.FilterEventAdapter.connection_connect(FilterEventAdapter.java:38) ~[druid-1.0.15.jar:1.0.15]
	at com.alibaba.druid.filter.FilterChainImpl.connection_connect(FilterChainImpl.java:142) ~[druid-1.0.15.jar:1.0.15]
	at com.alibaba.druid.filter.FilterAdapter.connection_connect(FilterAdapter.java:785) ~[druid-1.0.15.jar:1.0.15]
	at com.alibaba.druid.filter.FilterEventAdapter.connection_connect(FilterEventAdapter.java:38) ~[druid-1.0.15.jar:1.0.15]
	at com.alibaba.druid.filter.FilterChainImpl.connection_connect(FilterChainImpl.java:142) ~[druid-1.0.15.jar:1.0.15]
	at com.alibaba.druid.filter.stat.StatFilter.connection_connect(StatFilter.java:211) ~[druid-1.0.15.jar:1.0.15]
	at com.alibaba.druid.filter.FilterChainImpl.connection_connect(FilterChainImpl.java:142) ~[druid-1.0.15.jar:1.0.15]
	at com.alibaba.druid.filter.FilterAdapter.connection_connect(FilterAdapter.java:785) ~[druid-1.0.15.jar:1.0.15]
	at com.alibaba.druid.filter.FilterChainImpl.connection_connect(FilterChainImpl.java:142) ~[druid-1.0.15.jar:1.0.15]
	at com.alibaba.druid.pool.DruidAbstractDataSource.createPhysicalConnection(DruidAbstractDataSource.java:1377) ~[druid-1.0.15.jar:1.0.15]
	at com.alibaba.druid.pool.DruidAbstractDataSource.createPhysicalConnection(DruidAbstractDataSource.java:1431) ~[druid-1.0.15.jar:1.0.15]
	at com.alibaba.druid.pool.DruidDataSource.init(DruidDataSource.java:632) [druid-1.0.15.jar:1.0.15]
	at sun.reflect.NativeMethodAccessorImpl.invoke0(Native Method) ~[?:1.8.0_66]
	at sun.reflect.NativeMethodAccessorImpl.invoke(NativeMethodAccessorImpl.java:62) ~[?:1.8.0_66]
	at sun.reflect.DelegatingMethodAccessorImpl.invoke(DelegatingMethodAccessorImpl.java:43) ~[?:1.8.0_66]
	at java.lang.reflect.Method.invoke(Method.java:497) ~[?:1.8.0_66]
	at org.springframework.beans.factory.support.AbstractAutowireCapableBeanFactory.invokeCustomInitMethod(AbstractAutowireCapableBeanFactory.java:1706) [spring-beans-4.2.4.RELEASE.jar:4.2.4.RELEASE]
	at org.springframework.beans.factory.support.AbstractAutowireCapableBeanFactory.invokeInitMethods(AbstractAutowireCapableBeanFactory.java:1645) [spring-beans-4.2.4.RELEASE.jar:4.2.4.RELEASE]
	at org.springframework.beans.factory.support.AbstractAutowireCapableBeanFactory.initializeBean(AbstractAutowireCapableBeanFactory.java:1574) [spring-beans-4.2.4.RELEASE.jar:4.2.4.RELEASE]
	at org.springframework.beans.factory.support.AbstractAutowireCapableBeanFactory.doCreateBean(AbstractAutowireCapableBeanFactory.java:545) [spring-beans-4.2.4.RELEASE.jar:4.2.4.RELEASE]
	at org.springframework.beans.factory.support.AbstractAutowireCapableBeanFactory.createBean(AbstractAutowireCapableBeanFactory.java:482) [spring-beans-4.2.4.RELEASE.jar:4.2.4.RELEASE]
	at org.springframework.beans.factory.support.AbstractBeanFactory$1.getObject(AbstractBeanFactory.java:306) [spring-beans-4.2.4.RELEASE.jar:4.2.4.RELEASE]
	at org.springframework.beans.factory.support.DefaultSingletonBeanRegistry.getSingleton(DefaultSingletonBeanRegistry.java:230) [spring-beans-4.2.4.RELEASE.jar:4.2.4.RELEASE]
	at org.springframework.beans.factory.support.AbstractBeanFactory.doGetBean(AbstractBeanFactory.java:302) [spring-beans-4.2.4.RELEASE.jar:4.2.4.RELEASE]
	at org.springframework.beans.factory.support.AbstractBeanFactory.getBean(AbstractBeanFactory.java:197) [spring-beans-4.2.4.RELEASE.jar:4.2.4.RELEASE]
	at org.springframework.beans.factory.support.BeanDefinitionValueResolver.resolveReference(BeanDefinitionValueResolver.java:351) [spring-beans-4.2.4.RELEASE.jar:4.2.4.RELEASE]
	at org.springframework.beans.factory.support.BeanDefinitionValueResolver.resolveValueIfNecessary(BeanDefinitionValueResolver.java:108) [spring-beans-4.2.4.RELEASE.jar:4.2.4.RELEASE]
	at org.springframework.beans.factory.support.AbstractAutowireCapableBeanFactory.applyPropertyValues(AbstractAutowireCapableBeanFactory.java:1481) [spring-beans-4.2.4.RELEASE.jar:4.2.4.RELEASE]
	at org.springframework.beans.factory.support.AbstractAutowireCapableBeanFactory.populateBean(AbstractAutowireCapableBeanFactory.java:1226) [spring-beans-4.2.4.RELEASE.jar:4.2.4.RELEASE]
	at org.springframework.beans.factory.support.AbstractAutowireCapableBeanFactory.doCreateBean(AbstractAutowireCapableBeanFactory.java:543) [spring-beans-4.2.4.RELEASE.jar:4.2.4.RELEASE]
	at org.springframework.beans.factory.support.AbstractAutowireCapableBeanFactory.createBean(AbstractAutowireCapableBeanFactory.java:482) [spring-beans-4.2.4.RELEASE.jar:4.2.4.RELEASE]
	at org.springframework.beans.factory.support.AbstractBeanFactory$1.getObject(AbstractBeanFactory.java:306) [spring-beans-4.2.4.RELEASE.jar:4.2.4.RELEASE]
	at org.springframework.beans.factory.support.DefaultSingletonBeanRegistry.getSingleton(DefaultSingletonBeanRegistry.java:230) [spring-beans-4.2.4.RELEASE.jar:4.2.4.RELEASE]
	at org.springframework.beans.factory.support.AbstractBeanFactory.doGetBean(AbstractBeanFactory.java:302) [spring-beans-4.2.4.RELEASE.jar:4.2.4.RELEASE]
	at org.springframework.beans.factory.support.AbstractBeanFactory.getBean(AbstractBeanFactory.java:197) [spring-beans-4.2.4.RELEASE.jar:4.2.4.RELEASE]
	at org.springframework.context.support.AbstractApplicationContext.getBean(AbstractApplicationContext.java:1054) [spring-context-4.2.4.RELEASE.jar:4.2.4.RELEASE]
	at org.springframework.context.support.AbstractApplicationContext.finishBeanFactoryInitialization(AbstractApplicationContext.java:829) [spring-context-4.2.4.RELEASE.jar:4.2.4.RELEASE]
	at org.springframework.context.support.AbstractApplicationContext.refresh(AbstractApplicationContext.java:538) [spring-context-4.2.4.RELEASE.jar:4.2.4.RELEASE]
	at org.springframework.context.support.ClassPathXmlApplicationContext.<init>(ClassPathXmlApplicationContext.java:139) [spring-context-4.2.4.RELEASE.jar:4.2.4.RELEASE]
	at org.springframework.context.support.ClassPathXmlApplicationContext.<init>(ClassPathXmlApplicationContext.java:93) [spring-context-4.2.4.RELEASE.jar:4.2.4.RELEASE]
	at com.alibaba.dubbo.container.spring.SpringContainer.start(SpringContainer.java:50) [dubbo-2.5.3.jar:2.5.3]
	at com.alibaba.dubbo.container.Main.main(Main.java:80) [dubbo-2.5.3.jar:2.5.3]
	at com.wms.studio.start.Start.main(Start.java:30) [classes/:?]
	at sun.reflect.NativeMethodAccessorImpl.invoke0(Native Method) ~[?:1.8.0_66]
	at sun.reflect.NativeMethodAccessorImpl.invoke(NativeMethodAccessorImpl.java:62) ~[?:1.8.0_66]
	at sun.reflect.DelegatingMethodAccessorImpl.invoke(DelegatingMethodAccessorImpl.java:43) ~[?:1.8.0_66]
	at java.lang.reflect.Method.invoke(Method.java:497) ~[?:1.8.0_66]
	at com.intellij.rt.execution.application.AppMain.main(AppMain.java:140) [idea_rt.jar:?]
Caused by: java.net.UnknownHostException: mysql.wms.studio
	at java.net.Inet6AddressImpl.lookupAllHostAddr(Native Method) ~[?:1.8.0_66]
	at java.net.InetAddress$2.lookupAllHostAddr(InetAddress.java:928) ~[?:1.8.0_66]
	at java.net.InetAddress.getAddressesFromNameService(InetAddress.java:1323) ~[?:1.8.0_66]
	at java.net.InetAddress.getAllByName0(InetAddress.java:1276) ~[?:1.8.0_66]
	at java.net.InetAddress.getAllByName(InetAddress.java:1192) ~[?:1.8.0_66]
	at java.net.InetAddress.getAllByName(InetAddress.java:1126) ~[?:1.8.0_66]
	at com.mysql.jdbc.StandardSocketFactory.connect(StandardSocketFactory.java:250) ~[mysql-connector-java-5.1.31.jar:?]
	at com.mysql.jdbc.MysqlIO.<init>(MysqlIO.java:306) ~[mysql-connector-java-5.1.31.jar:?]
	... 63 more
2016-01-16 15:28:33,903 - druid.pool.DruidDataSource [main] ERROR druid.pool.DruidDataSource(660) [] - dataSource init error
com.mysql.jdbc.exceptions.jdbc4.CommunicationsException: Communications link failure

The last packet sent successfully to the server was 0 milliseconds ago. The driver has not received any packets from the server.
	at sun.reflect.NativeConstructorAccessorImpl.newInstance0(Native Method) ~[?:1.8.0_66]
	at sun.reflect.NativeConstructorAccessorImpl.newInstance(NativeConstructorAccessorImpl.java:62) ~[?:1.8.0_66]
	at sun.reflect.DelegatingConstructorAccessorImpl.newInstance(DelegatingConstructorAccessorImpl.java:45) ~[?:1.8.0_66]
	at java.lang.reflect.Constructor.newInstance(Constructor.java:422) ~[?:1.8.0_66]
	at com.mysql.jdbc.Util.handleNewInstance(Util.java:408) ~[mysql-connector-java-5.1.31.jar:?]
	at com.mysql.jdbc.SQLError.createCommunicationsException(SQLError.java:1137) ~[mysql-connector-java-5.1.31.jar:?]
	at com.mysql.jdbc.MysqlIO.<init>(MysqlIO.java:356) ~[mysql-connector-java-5.1.31.jar:?]
	at com.mysql.jdbc.ConnectionImpl.coreConnect(ConnectionImpl.java:2504) ~[mysql-connector-java-5.1.31.jar:?]
	at com.mysql.jdbc.ConnectionImpl.connectOneTryOnly(ConnectionImpl.java:2541) ~[mysql-connector-java-5.1.31.jar:?]
	at com.mysql.jdbc.ConnectionImpl.createNewIO(ConnectionImpl.java:2323) ~[mysql-connector-java-5.1.31.jar:?]
	at com.mysql.jdbc.ConnectionImpl.<init>(ConnectionImpl.java:832) ~[mysql-connector-java-5.1.31.jar:?]
	at com.mysql.jdbc.JDBC4Connection.<init>(JDBC4Connection.java:46) ~[mysql-connector-java-5.1.31.jar:?]
	at sun.reflect.NativeConstructorAccessorImpl.newInstance0(Native Method) ~[?:1.8.0_66]
	at sun.reflect.NativeConstructorAccessorImpl.newInstance(NativeConstructorAccessorImpl.java:62) ~[?:1.8.0_66]
	at sun.reflect.DelegatingConstructorAccessorImpl.newInstance(DelegatingConstructorAccessorImpl.java:45) ~[?:1.8.0_66]
	at java.lang.reflect.Constructor.newInstance(Constructor.java:422) ~[?:1.8.0_66]
	at com.mysql.jdbc.Util.handleNewInstance(Util.java:408) ~[mysql-connector-java-5.1.31.jar:?]
	at com.mysql.jdbc.ConnectionImpl.getInstance(ConnectionImpl.java:417) ~[mysql-connector-java-5.1.31.jar:?]
	at com.mysql.jdbc.NonRegisteringDriver.connect(NonRegisteringDriver.java:344) ~[mysql-connector-java-5.1.31.jar:?]
	at net.sf.log4jdbc.DriverSpy.connect(DriverSpy.java:728) ~[log4jdbc-1.2.jar:?]
	at com.alibaba.druid.filter.FilterChainImpl.connection_connect(FilterChainImpl.java:148) ~[druid-1.0.15.jar:1.0.15]
	at com.alibaba.druid.filter.FilterAdapter.connection_connect(FilterAdapter.java:785) ~[druid-1.0.15.jar:1.0.15]
	at com.alibaba.druid.filter.FilterEventAdapter.connection_connect(FilterEventAdapter.java:38) ~[druid-1.0.15.jar:1.0.15]
	at com.alibaba.druid.filter.FilterChainImpl.connection_connect(FilterChainImpl.java:142) ~[druid-1.0.15.jar:1.0.15]
	at com.alibaba.druid.filter.FilterAdapter.connection_connect(FilterAdapter.java:785) ~[druid-1.0.15.jar:1.0.15]
	at com.alibaba.druid.filter.FilterEventAdapter.connection_connect(FilterEventAdapter.java:38) ~[druid-1.0.15.jar:1.0.15]
	at com.alibaba.druid.filter.FilterChainImpl.connection_connect(FilterChainImpl.java:142) ~[druid-1.0.15.jar:1.0.15]
	at com.alibaba.druid.filter.stat.StatFilter.connection_connect(StatFilter.java:211) ~[druid-1.0.15.jar:1.0.15]
	at com.alibaba.druid.filter.FilterChainImpl.connection_connect(FilterChainImpl.java:142) ~[druid-1.0.15.jar:1.0.15]
	at com.alibaba.druid.filter.FilterAdapter.connection_connect(FilterAdapter.java:785) ~[druid-1.0.15.jar:1.0.15]
	at com.alibaba.druid.filter.FilterChainImpl.connection_connect(FilterChainImpl.java:142) ~[druid-1.0.15.jar:1.0.15]
	at com.alibaba.druid.pool.DruidAbstractDataSource.createPhysicalConnection(DruidAbstractDataSource.java:1377) ~[druid-1.0.15.jar:1.0.15]
	at com.alibaba.druid.pool.DruidAbstractDataSource.createPhysicalConnection(DruidAbstractDataSource.java:1431) ~[druid-1.0.15.jar:1.0.15]
	at com.alibaba.druid.pool.DruidDataSource.init(DruidDataSource.java:632) [druid-1.0.15.jar:1.0.15]
	at sun.reflect.NativeMethodAccessorImpl.invoke0(Native Method) ~[?:1.8.0_66]
	at sun.reflect.NativeMethodAccessorImpl.invoke(NativeMethodAccessorImpl.java:62) ~[?:1.8.0_66]
	at sun.reflect.DelegatingMethodAccessorImpl.invoke(DelegatingMethodAccessorImpl.java:43) ~[?:1.8.0_66]
	at java.lang.reflect.Method.invoke(Method.java:497) ~[?:1.8.0_66]
	at org.springframework.beans.factory.support.AbstractAutowireCapableBeanFactory.invokeCustomInitMethod(AbstractAutowireCapableBeanFactory.java:1706) [spring-beans-4.2.4.RELEASE.jar:4.2.4.RELEASE]
	at org.springframework.beans.factory.support.AbstractAutowireCapableBeanFactory.invokeInitMethods(AbstractAutowireCapableBeanFactory.java:1645) [spring-beans-4.2.4.RELEASE.jar:4.2.4.RELEASE]
	at org.springframework.beans.factory.support.AbstractAutowireCapableBeanFactory.initializeBean(AbstractAutowireCapableBeanFactory.java:1574) [spring-beans-4.2.4.RELEASE.jar:4.2.4.RELEASE]
	at org.springframework.beans.factory.support.AbstractAutowireCapableBeanFactory.doCreateBean(AbstractAutowireCapableBeanFactory.java:545) [spring-beans-4.2.4.RELEASE.jar:4.2.4.RELEASE]
	at org.springframework.beans.factory.support.AbstractAutowireCapableBeanFactory.createBean(AbstractAutowireCapableBeanFactory.java:482) [spring-beans-4.2.4.RELEASE.jar:4.2.4.RELEASE]
	at org.springframework.beans.factory.support.AbstractBeanFactory$1.getObject(AbstractBeanFactory.java:306) [spring-beans-4.2.4.RELEASE.jar:4.2.4.RELEASE]
	at org.springframework.beans.factory.support.DefaultSingletonBeanRegistry.getSingleton(DefaultSingletonBeanRegistry.java:230) [spring-beans-4.2.4.RELEASE.jar:4.2.4.RELEASE]
	at org.springframework.beans.factory.support.AbstractBeanFactory.doGetBean(AbstractBeanFactory.java:302) [spring-beans-4.2.4.RELEASE.jar:4.2.4.RELEASE]
	at org.springframework.beans.factory.support.AbstractBeanFactory.getBean(AbstractBeanFactory.java:197) [spring-beans-4.2.4.RELEASE.jar:4.2.4.RELEASE]
	at org.springframework.beans.factory.support.BeanDefinitionValueResolver.resolveReference(BeanDefinitionValueResolver.java:351) [spring-beans-4.2.4.RELEASE.jar:4.2.4.RELEASE]
	at org.springframework.beans.factory.support.BeanDefinitionValueResolver.resolveValueIfNecessary(BeanDefinitionValueResolver.java:108) [spring-beans-4.2.4.RELEASE.jar:4.2.4.RELEASE]
	at org.springframework.beans.factory.support.AbstractAutowireCapableBeanFactory.applyPropertyValues(AbstractAutowireCapableBeanFactory.java:1481) [spring-beans-4.2.4.RELEASE.jar:4.2.4.RELEASE]
	at org.springframework.beans.factory.support.AbstractAutowireCapableBeanFactory.populateBean(AbstractAutowireCapableBeanFactory.java:1226) [spring-beans-4.2.4.RELEASE.jar:4.2.4.RELEASE]
	at org.springframework.beans.factory.support.AbstractAutowireCapableBeanFactory.doCreateBean(AbstractAutowireCapableBeanFactory.java:543) [spring-beans-4.2.4.RELEASE.jar:4.2.4.RELEASE]
	at org.springframework.beans.factory.support.AbstractAutowireCapableBeanFactory.createBean(AbstractAutowireCapableBeanFactory.java:482) [spring-beans-4.2.4.RELEASE.jar:4.2.4.RELEASE]
	at org.springframework.beans.factory.support.AbstractBeanFactory$1.getObject(AbstractBeanFactory.java:306) [spring-beans-4.2.4.RELEASE.jar:4.2.4.RELEASE]
	at org.springframework.beans.factory.support.DefaultSingletonBeanRegistry.getSingleton(DefaultSingletonBeanRegistry.java:230) [spring-beans-4.2.4.RELEASE.jar:4.2.4.RELEASE]
	at org.springframework.beans.factory.support.AbstractBeanFactory.doGetBean(AbstractBeanFactory.java:302) [spring-beans-4.2.4.RELEASE.jar:4.2.4.RELEASE]
	at org.springframework.beans.factory.support.AbstractBeanFactory.getBean(AbstractBeanFactory.java:197) [spring-beans-4.2.4.RELEASE.jar:4.2.4.RELEASE]
	at org.springframework.context.support.AbstractApplicationContext.getBean(AbstractApplicationContext.java:1054) [spring-context-4.2.4.RELEASE.jar:4.2.4.RELEASE]
	at org.springframework.context.support.AbstractApplicationContext.finishBeanFactoryInitialization(AbstractApplicationContext.java:829) [spring-context-4.2.4.RELEASE.jar:4.2.4.RELEASE]
	at org.springframework.context.support.AbstractApplicationContext.refresh(AbstractApplicationContext.java:538) [spring-context-4.2.4.RELEASE.jar:4.2.4.RELEASE]
	at org.springframework.context.support.ClassPathXmlApplicationContext.<init>(ClassPathXmlApplicationContext.java:139) [spring-context-4.2.4.RELEASE.jar:4.2.4.RELEASE]
	at org.springframework.context.support.ClassPathXmlApplicationContext.<init>(ClassPathXmlApplicationContext.java:93) [spring-context-4.2.4.RELEASE.jar:4.2.4.RELEASE]
	at com.alibaba.dubbo.container.spring.SpringContainer.start(SpringContainer.java:50) [dubbo-2.5.3.jar:2.5.3]
	at com.alibaba.dubbo.container.Main.main(Main.java:80) [dubbo-2.5.3.jar:2.5.3]
	at com.wms.studio.start.Start.main(Start.java:30) [classes/:?]
	at sun.reflect.NativeMethodAccessorImpl.invoke0(Native Method) ~[?:1.8.0_66]
	at sun.reflect.NativeMethodAccessorImpl.invoke(NativeMethodAccessorImpl.java:62) ~[?:1.8.0_66]
	at sun.reflect.DelegatingMethodAccessorImpl.invoke(DelegatingMethodAccessorImpl.java:43) ~[?:1.8.0_66]
	at java.lang.reflect.Method.invoke(Method.java:497) ~[?:1.8.0_66]
	at com.intellij.rt.execution.application.AppMain.main(AppMain.java:140) [idea_rt.jar:?]
Caused by: java.net.UnknownHostException: mysql.wms.studio
	at java.net.Inet6AddressImpl.lookupAllHostAddr(Native Method) ~[?:1.8.0_66]
	at java.net.InetAddress$2.lookupAllHostAddr(InetAddress.java:928) ~[?:1.8.0_66]
	at java.net.InetAddress.getAddressesFromNameService(InetAddress.java:1323) ~[?:1.8.0_66]
	at java.net.InetAddress.getAllByName0(InetAddress.java:1276) ~[?:1.8.0_66]
	at java.net.InetAddress.getAllByName(InetAddress.java:1192) ~[?:1.8.0_66]
	at java.net.InetAddress.getAllByName(InetAddress.java:1126) ~[?:1.8.0_66]
	at com.mysql.jdbc.StandardSocketFactory.connect(StandardSocketFactory.java:250) ~[mysql-connector-java-5.1.31.jar:?]
	at com.mysql.jdbc.MysqlIO.<init>(MysqlIO.java:306) ~[mysql-connector-java-5.1.31.jar:?]
	... 63 more
2016-01-16 15:28:33,904 - druid.pool.DruidDataSource [main] INFO  druid.pool.DruidDataSource(669) [] - {dataSource-1} inited
2016-01-16 15:28:33,904 - context.support.ClassPathXmlApplicationContext [main] WARN  context.support.AbstractApplicationContext(546) [] - Exception encountered during context initialization - cancelling refresh attempt: org.springframework.beans.factory.BeanCreationException: Error creating bean with name 'entityManagerFactory' defined in file [D:\ideaProject\MultimediaDesktop2\Server\target\classes\applicationContext.xml]: Cannot resolve reference to bean 'dataSource' while setting bean property 'dataSource'; nested exception is org.springframework.beans.factory.BeanCreationException: Error creating bean with name 'dataSource' defined in file [D:\ideaProject\MultimediaDesktop2\Server\target\classes\applicationContext.xml]: Invocation of init method failed; nested exception is com.mysql.jdbc.exceptions.jdbc4.CommunicationsException: Communications link failure

The last packet sent successfully to the server was 0 milliseconds ago. The driver has not received any packets from the server.
Related cause: org.springframework.beans.factory.CannotLoadBeanClassException: Cannot find class [com.google.code.ssm.CacheFactory] for bean with name 'defaultMemcachedClient' defined in file [D:\ideaProject\MultimediaDesktop2\Server\target\classes\applicationContext.xml]; nested exception is java.lang.ClassNotFoundException: com.google.code.ssm.CacheFactory
Related cause: org.springframework.beans.factory.CannotLoadBeanClassException: Cannot find class [com.google.code.ssm.CacheFactory] for bean with name 'defaultMemcachedClient' defined in file [D:\ideaProject\MultimediaDesktop2\Server\target\classes\applicationContext.xml]; nested exception is java.lang.ClassNotFoundException: com.google.code.ssm.CacheFactory
2016-01-16 15:28:33,929 - druid.pool.DruidDataSourceStatLoggerImpl [Druid-ConnectionPool-Log-995531141] INFO  druid.pool.DruidDataSourceStatLoggerImpl(77) [] - {"url":"jdbc:log4jdbc:mysql://mysql.wms.studio:3306/multimediaDesktop?createDatabaseIfNotExist=true&useUnicode=true&characterEncoding=utf8","dbType":"mysql","name":"DataSource-995531141","activeCount":0,"poolingCount":0,"connectCount":0,"closeCount":0,"physicalConnectErrorCount":1}
2016-01-16 15:28:33,950 - dubbo.container.Main [main] ERROR dubbo.container.Main(86) [] -  [DUBBO] Error creating bean with name 'entityManagerFactory' defined in file [D:\ideaProject\MultimediaDesktop2\Server\target\classes\applicationContext.xml]: Cannot resolve reference to bean 'dataSource' while setting bean property 'dataSource'; nested exception is org.springframework.beans.factory.BeanCreationException: Error creating bean with name 'dataSource' defined in file [D:\ideaProject\MultimediaDesktop2\Server\target\classes\applicationContext.xml]: Invocation of init method failed; nested exception is com.mysql.jdbc.exceptions.jdbc4.CommunicationsException: Communications link failure

The last packet sent successfully to the server was 0 milliseconds ago. The driver has not received any packets from the server., dubbo version: 2.5.3, current host: 127.0.0.1
org.springframework.beans.factory.BeanCreationException: Error creating bean with name 'entityManagerFactory' defined in file [D:\ideaProject\MultimediaDesktop2\Server\target\classes\applicationContext.xml]: Cannot resolve reference to bean 'dataSource' while setting bean property 'dataSource'; nested exception is org.springframework.beans.factory.BeanCreationException: Error creating bean with name 'dataSource' defined in file [D:\ideaProject\MultimediaDesktop2\Server\target\classes\applicationContext.xml]: Invocation of init method failed; nested exception is com.mysql.jdbc.exceptions.jdbc4.CommunicationsException: Communications link failure

The last packet sent successfully to the server was 0 milliseconds ago. The driver has not received any packets from the server.
	at org.springframework.beans.factory.support.BeanDefinitionValueResolver.resolveReference(BeanDefinitionValueResolver.java:359) ~[spring-beans-4.2.4.RELEASE.jar:4.2.4.RELEASE]
	at org.springframework.beans.factory.support.BeanDefinitionValueResolver.resolveValueIfNecessary(BeanDefinitionValueResolver.java:108) ~[spring-beans-4.2.4.RELEASE.jar:4.2.4.RELEASE]
	at org.springframework.beans.factory.support.AbstractAutowireCapableBeanFactory.applyPropertyValues(AbstractAutowireCapableBeanFactory.java:1481) ~[spring-beans-4.2.4.RELEASE.jar:4.2.4.RELEASE]
	at org.springframework.beans.factory.support.AbstractAutowireCapableBeanFactory.populateBean(AbstractAutowireCapableBeanFactory.java:1226) ~[spring-beans-4.2.4.RELEASE.jar:4.2.4.RELEASE]
	at org.springframework.beans.factory.support.AbstractAutowireCapableBeanFactory.doCreateBean(AbstractAutowireCapableBeanFactory.java:543) ~[spring-beans-4.2.4.RELEASE.jar:4.2.4.RELEASE]
	at org.springframework.beans.factory.support.AbstractAutowireCapableBeanFactory.createBean(AbstractAutowireCapableBeanFactory.java:482) ~[spring-beans-4.2.4.RELEASE.jar:4.2.4.RELEASE]
	at org.springframework.beans.factory.support.AbstractBeanFactory$1.getObject(AbstractBeanFactory.java:306) ~[spring-beans-4.2.4.RELEASE.jar:4.2.4.RELEASE]
	at org.springframework.beans.factory.support.DefaultSingletonBeanRegistry.getSingleton(DefaultSingletonBeanRegistry.java:230) ~[spring-beans-4.2.4.RELEASE.jar:4.2.4.RELEASE]
	at org.springframework.beans.factory.support.AbstractBeanFactory.doGetBean(AbstractBeanFactory.java:302) ~[spring-beans-4.2.4.RELEASE.jar:4.2.4.RELEASE]
	at org.springframework.beans.factory.support.AbstractBeanFactory.getBean(AbstractBeanFactory.java:197) ~[spring-beans-4.2.4.RELEASE.jar:4.2.4.RELEASE]
	at org.springframework.context.support.AbstractApplicationContext.getBean(AbstractApplicationContext.java:1054) ~[spring-context-4.2.4.RELEASE.jar:4.2.4.RELEASE]
	at org.springframework.context.support.AbstractApplicationContext.finishBeanFactoryInitialization(AbstractApplicationContext.java:829) ~[spring-context-4.2.4.RELEASE.jar:4.2.4.RELEASE]
	at org.springframework.context.support.AbstractApplicationContext.refresh(AbstractApplicationContext.java:538) ~[spring-context-4.2.4.RELEASE.jar:4.2.4.RELEASE]
	at org.springframework.context.support.ClassPathXmlApplicationContext.<init>(ClassPathXmlApplicationContext.java:139) ~[spring-context-4.2.4.RELEASE.jar:4.2.4.RELEASE]
	at org.springframework.context.support.ClassPathXmlApplicationContext.<init>(ClassPathXmlApplicationContext.java:93) ~[spring-context-4.2.4.RELEASE.jar:4.2.4.RELEASE]
	at com.alibaba.dubbo.container.spring.SpringContainer.start(SpringContainer.java:50) ~[dubbo-2.5.3.jar:2.5.3]
	at com.alibaba.dubbo.container.Main.main(Main.java:80) [dubbo-2.5.3.jar:2.5.3]
	at com.wms.studio.start.Start.main(Start.java:30) [classes/:?]
	at sun.reflect.NativeMethodAccessorImpl.invoke0(Native Method) ~[?:1.8.0_66]
	at sun.reflect.NativeMethodAccessorImpl.invoke(NativeMethodAccessorImpl.java:62) ~[?:1.8.0_66]
	at sun.reflect.DelegatingMethodAccessorImpl.invoke(DelegatingMethodAccessorImpl.java:43) ~[?:1.8.0_66]
	at java.lang.reflect.Method.invoke(Method.java:497) ~[?:1.8.0_66]
	at com.intellij.rt.execution.application.AppMain.main(AppMain.java:140) [idea_rt.jar:?]
Caused by: org.springframework.beans.factory.BeanCreationException: Error creating bean with name 'dataSource' defined in file [D:\ideaProject\MultimediaDesktop2\Server\target\classes\applicationContext.xml]: Invocation of init method failed; nested exception is com.mysql.jdbc.exceptions.jdbc4.CommunicationsException: Communications link failure

The last packet sent successfully to the server was 0 milliseconds ago. The driver has not received any packets from the server.
	at org.springframework.beans.factory.support.AbstractAutowireCapableBeanFactory.initializeBean(AbstractAutowireCapableBeanFactory.java:1578) ~[spring-beans-4.2.4.RELEASE.jar:4.2.4.RELEASE]
	at org.springframework.beans.factory.support.AbstractAutowireCapableBeanFactory.doCreateBean(AbstractAutowireCapableBeanFactory.java:545) ~[spring-beans-4.2.4.RELEASE.jar:4.2.4.RELEASE]
	at org.springframework.beans.factory.support.AbstractAutowireCapableBeanFactory.createBean(AbstractAutowireCapableBeanFactory.java:482) ~[spring-beans-4.2.4.RELEASE.jar:4.2.4.RELEASE]
	at org.springframework.beans.factory.support.AbstractBeanFactory$1.getObject(AbstractBeanFactory.java:306) ~[spring-beans-4.2.4.RELEASE.jar:4.2.4.RELEASE]
	at org.springframework.beans.factory.support.DefaultSingletonBeanRegistry.getSingleton(DefaultSingletonBeanRegistry.java:230) ~[spring-beans-4.2.4.RELEASE.jar:4.2.4.RELEASE]
	at org.springframework.beans.factory.support.AbstractBeanFactory.doGetBean(AbstractBeanFactory.java:302) ~[spring-beans-4.2.4.RELEASE.jar:4.2.4.RELEASE]
	at org.springframework.beans.factory.support.AbstractBeanFactory.getBean(AbstractBeanFactory.java:197) ~[spring-beans-4.2.4.RELEASE.jar:4.2.4.RELEASE]
	at org.springframework.beans.factory.support.BeanDefinitionValueResolver.resolveReference(BeanDefinitionValueResolver.java:351) ~[spring-beans-4.2.4.RELEASE.jar:4.2.4.RELEASE]
	... 22 more
Caused by: com.mysql.jdbc.exceptions.jdbc4.CommunicationsException: Communications link failure

The last packet sent successfully to the server was 0 milliseconds ago. The driver has not received any packets from the server.
	at sun.reflect.NativeConstructorAccessorImpl.newInstance0(Native Method) ~[?:1.8.0_66]
	at sun.reflect.NativeConstructorAccessorImpl.newInstance(NativeConstructorAccessorImpl.java:62) ~[?:1.8.0_66]
	at sun.reflect.DelegatingConstructorAccessorImpl.newInstance(DelegatingConstructorAccessorImpl.java:45) ~[?:1.8.0_66]
	at java.lang.reflect.Constructor.newInstance(Constructor.java:422) ~[?:1.8.0_66]
	at com.mysql.jdbc.Util.handleNewInstance(Util.java:408) ~[mysql-connector-java-5.1.31.jar:?]
	at com.mysql.jdbc.SQLError.createCommunicationsException(SQLError.java:1137) ~[mysql-connector-java-5.1.31.jar:?]
	at com.mysql.jdbc.MysqlIO.<init>(MysqlIO.java:356) ~[mysql-connector-java-5.1.31.jar:?]
	at com.mysql.jdbc.ConnectionImpl.coreConnect(ConnectionImpl.java:2504) ~[mysql-connector-java-5.1.31.jar:?]
	at com.mysql.jdbc.ConnectionImpl.connectOneTryOnly(ConnectionImpl.java:2541) ~[mysql-connector-java-5.1.31.jar:?]
	at com.mysql.jdbc.ConnectionImpl.createNewIO(ConnectionImpl.java:2323) ~[mysql-connector-java-5.1.31.jar:?]
	at com.mysql.jdbc.ConnectionImpl.<init>(ConnectionImpl.java:832) ~[mysql-connector-java-5.1.31.jar:?]
	at com.mysql.jdbc.JDBC4Connection.<init>(JDBC4Connection.java:46) ~[mysql-connector-java-5.1.31.jar:?]
	at sun.reflect.NativeConstructorAccessorImpl.newInstance0(Native Method) ~[?:1.8.0_66]
	at sun.reflect.NativeConstructorAccessorImpl.newInstance(NativeConstructorAccessorImpl.java:62) ~[?:1.8.0_66]
	at sun.reflect.DelegatingConstructorAccessorImpl.newInstance(DelegatingConstructorAccessorImpl.java:45) ~[?:1.8.0_66]
	at java.lang.reflect.Constructor.newInstance(Constructor.java:422) ~[?:1.8.0_66]
	at com.mysql.jdbc.Util.handleNewInstance(Util.java:408) ~[mysql-connector-java-5.1.31.jar:?]
	at com.mysql.jdbc.ConnectionImpl.getInstance(ConnectionImpl.java:417) ~[mysql-connector-java-5.1.31.jar:?]
	at com.mysql.jdbc.NonRegisteringDriver.connect(NonRegisteringDriver.java:344) ~[mysql-connector-java-5.1.31.jar:?]
	at net.sf.log4jdbc.DriverSpy.connect(DriverSpy.java:728) ~[log4jdbc-1.2.jar:?]
	at com.alibaba.druid.filter.FilterChainImpl.connection_connect(FilterChainImpl.java:148) ~[druid-1.0.15.jar:1.0.15]
	at com.alibaba.druid.filter.FilterAdapter.connection_connect(FilterAdapter.java:785) ~[druid-1.0.15.jar:1.0.15]
	at com.alibaba.druid.filter.FilterEventAdapter.connection_connect(FilterEventAdapter.java:38) ~[druid-1.0.15.jar:1.0.15]
	at com.alibaba.druid.filter.FilterChainImpl.connection_connect(FilterChainImpl.java:142) ~[druid-1.0.15.jar:1.0.15]
	at com.alibaba.druid.filter.FilterAdapter.connection_connect(FilterAdapter.java:785) ~[druid-1.0.15.jar:1.0.15]
	at com.alibaba.druid.filter.FilterEventAdapter.connection_connect(FilterEventAdapter.java:38) ~[druid-1.0.15.jar:1.0.15]
	at com.alibaba.druid.filter.FilterChainImpl.connection_connect(FilterChainImpl.java:142) ~[druid-1.0.15.jar:1.0.15]
	at com.alibaba.druid.filter.stat.StatFilter.connection_connect(StatFilter.java:211) ~[druid-1.0.15.jar:1.0.15]
	at com.alibaba.druid.filter.FilterChainImpl.connection_connect(FilterChainImpl.java:142) ~[druid-1.0.15.jar:1.0.15]
	at com.alibaba.druid.filter.FilterAdapter.connection_connect(FilterAdapter.java:785) ~[druid-1.0.15.jar:1.0.15]
	at com.alibaba.druid.filter.FilterChainImpl.connection_connect(FilterChainImpl.java:142) ~[druid-1.0.15.jar:1.0.15]
	at com.alibaba.druid.pool.DruidAbstractDataSource.createPhysicalConnection(DruidAbstractDataSource.java:1377) ~[druid-1.0.15.jar:1.0.15]
	at com.alibaba.druid.pool.DruidAbstractDataSource.createPhysicalConnection(DruidAbstractDataSource.java:1431) ~[druid-1.0.15.jar:1.0.15]
	at com.alibaba.druid.pool.DruidDataSource.init(DruidDataSource.java:632) ~[druid-1.0.15.jar:1.0.15]
	at sun.reflect.NativeMethodAccessorImpl.invoke0(Native Method) ~[?:1.8.0_66]
	at sun.reflect.NativeMethodAccessorImpl.invoke(NativeMethodAccessorImpl.java:62) ~[?:1.8.0_66]
	at sun.reflect.DelegatingMethodAccessorImpl.invoke(DelegatingMethodAccessorImpl.java:43) ~[?:1.8.0_66]
	at java.lang.reflect.Method.invoke(Method.java:497) ~[?:1.8.0_66]
	at org.springframework.beans.factory.support.AbstractAutowireCapableBeanFactory.invokeCustomInitMethod(AbstractAutowireCapableBeanFactory.java:1706) ~[spring-beans-4.2.4.RELEASE.jar:4.2.4.RELEASE]
	at org.springframework.beans.factory.support.AbstractAutowireCapableBeanFactory.invokeInitMethods(AbstractAutowireCapableBeanFactory.java:1645) ~[spring-beans-4.2.4.RELEASE.jar:4.2.4.RELEASE]
	at org.springframework.beans.factory.support.AbstractAutowireCapableBeanFactory.initializeBean(AbstractAutowireCapableBeanFactory.java:1574) ~[spring-beans-4.2.4.RELEASE.jar:4.2.4.RELEASE]
	at org.springframework.beans.factory.support.AbstractAutowireCapableBeanFactory.doCreateBean(AbstractAutowireCapableBeanFactory.java:545) ~[spring-beans-4.2.4.RELEASE.jar:4.2.4.RELEASE]
	at org.springframework.beans.factory.support.AbstractAutowireCapableBeanFactory.createBean(AbstractAutowireCapableBeanFactory.java:482) ~[spring-beans-4.2.4.RELEASE.jar:4.2.4.RELEASE]
	at org.springframework.beans.factory.support.AbstractBeanFactory$1.getObject(AbstractBeanFactory.java:306) ~[spring-beans-4.2.4.RELEASE.jar:4.2.4.RELEASE]
	at org.springframework.beans.factory.support.DefaultSingletonBeanRegistry.getSingleton(DefaultSingletonBeanRegistry.java:230) ~[spring-beans-4.2.4.RELEASE.jar:4.2.4.RELEASE]
	at org.springframework.beans.factory.support.AbstractBeanFactory.doGetBean(AbstractBeanFactory.java:302) ~[spring-beans-4.2.4.RELEASE.jar:4.2.4.RELEASE]
	at org.springframework.beans.factory.support.AbstractBeanFactory.getBean(AbstractBeanFactory.java:197) ~[spring-beans-4.2.4.RELEASE.jar:4.2.4.RELEASE]
	at org.springframework.beans.factory.support.BeanDefinitionValueResolver.resolveReference(BeanDefinitionValueResolver.java:351) ~[spring-beans-4.2.4.RELEASE.jar:4.2.4.RELEASE]
	... 22 more
Caused by: java.net.UnknownHostException: mysql.wms.studio
	at java.net.Inet6AddressImpl.lookupAllHostAddr(Native Method) ~[?:1.8.0_66]
	at java.net.InetAddress$2.lookupAllHostAddr(InetAddress.java:928) ~[?:1.8.0_66]
	at java.net.InetAddress.getAddressesFromNameService(InetAddress.java:1323) ~[?:1.8.0_66]
	at java.net.InetAddress.getAllByName0(InetAddress.java:1276) ~[?:1.8.0_66]
	at java.net.InetAddress.getAllByName(InetAddress.java:1192) ~[?:1.8.0_66]
	at java.net.InetAddress.getAllByName(InetAddress.java:1126) ~[?:1.8.0_66]
	at com.mysql.jdbc.StandardSocketFactory.connect(StandardSocketFactory.java:250) ~[mysql-connector-java-5.1.31.jar:?]
	at com.mysql.jdbc.MysqlIO.<init>(MysqlIO.java:306) ~[mysql-connector-java-5.1.31.jar:?]
	at com.mysql.jdbc.ConnectionImpl.coreConnect(ConnectionImpl.java:2504) ~[mysql-connector-java-5.1.31.jar:?]
	at com.mysql.jdbc.ConnectionImpl.connectOneTryOnly(ConnectionImpl.java:2541) ~[mysql-connector-java-5.1.31.jar:?]
	at com.mysql.jdbc.ConnectionImpl.createNewIO(ConnectionImpl.java:2323) ~[mysql-connector-java-5.1.31.jar:?]
	at com.mysql.jdbc.ConnectionImpl.<init>(ConnectionImpl.java:832) ~[mysql-connector-java-5.1.31.jar:?]
	at com.mysql.jdbc.JDBC4Connection.<init>(JDBC4Connection.java:46) ~[mysql-connector-java-5.1.31.jar:?]
	at sun.reflect.NativeConstructorAccessorImpl.newInstance0(Native Method) ~[?:1.8.0_66]
	at sun.reflect.NativeConstructorAccessorImpl.newInstance(NativeConstructorAccessorImpl.java:62) ~[?:1.8.0_66]
	at sun.reflect.DelegatingConstructorAccessorImpl.newInstance(DelegatingConstructorAccessorImpl.java:45) ~[?:1.8.0_66]
	at java.lang.reflect.Constructor.newInstance(Constructor.java:422) ~[?:1.8.0_66]
	at com.mysql.jdbc.Util.handleNewInstance(Util.java:408) ~[mysql-connector-java-5.1.31.jar:?]
	at com.mysql.jdbc.ConnectionImpl.getInstance(ConnectionImpl.java:417) ~[mysql-connector-java-5.1.31.jar:?]
	at com.mysql.jdbc.NonRegisteringDriver.connect(NonRegisteringDriver.java:344) ~[mysql-connector-java-5.1.31.jar:?]
	at net.sf.log4jdbc.DriverSpy.connect(DriverSpy.java:728) ~[log4jdbc-1.2.jar:?]
	at com.alibaba.druid.filter.FilterChainImpl.connection_connect(FilterChainImpl.java:148) ~[druid-1.0.15.jar:1.0.15]
	at com.alibaba.druid.filter.FilterAdapter.connection_connect(FilterAdapter.java:785) ~[druid-1.0.15.jar:1.0.15]
	at com.alibaba.druid.filter.FilterEventAdapter.connection_connect(FilterEventAdapter.java:38) ~[druid-1.0.15.jar:1.0.15]
	at com.alibaba.druid.filter.FilterChainImpl.connection_connect(FilterChainImpl.java:142) ~[druid-1.0.15.jar:1.0.15]
	at com.alibaba.druid.filter.FilterAdapter.connection_connect(FilterAdapter.java:785) ~[druid-1.0.15.jar:1.0.15]
	at com.alibaba.druid.filter.FilterEventAdapter.connection_connect(FilterEventAdapter.java:38) ~[druid-1.0.15.jar:1.0.15]
	at com.alibaba.druid.filter.FilterChainImpl.connection_connect(FilterChainImpl.java:142) ~[druid-1.0.15.jar:1.0.15]
	at com.alibaba.druid.filter.stat.StatFilter.connection_connect(StatFilter.java:211) ~[druid-1.0.15.jar:1.0.15]
	at com.alibaba.druid.filter.FilterChainImpl.connection_connect(FilterChainImpl.java:142) ~[druid-1.0.15.jar:1.0.15]
	at com.alibaba.druid.filter.FilterAdapter.connection_connect(FilterAdapter.java:785) ~[druid-1.0.15.jar:1.0.15]
	at com.alibaba.druid.filter.FilterChainImpl.connection_connect(FilterChainImpl.java:142) ~[druid-1.0.15.jar:1.0.15]
	at com.alibaba.druid.pool.DruidAbstractDataSource.createPhysicalConnection(DruidAbstractDataSource.java:1377) ~[druid-1.0.15.jar:1.0.15]
	at com.alibaba.druid.pool.DruidAbstractDataSource.createPhysicalConnection(DruidAbstractDataSource.java:1431) ~[druid-1.0.15.jar:1.0.15]
	at com.alibaba.druid.pool.DruidDataSource.init(DruidDataSource.java:632) ~[druid-1.0.15.jar:1.0.15]
	at sun.reflect.NativeMethodAccessorImpl.invoke0(Native Method) ~[?:1.8.0_66]
	at sun.reflect.NativeMethodAccessorImpl.invoke(NativeMethodAccessorImpl.java:62) ~[?:1.8.0_66]
	at sun.reflect.DelegatingMethodAccessorImpl.invoke(DelegatingMethodAccessorImpl.java:43) ~[?:1.8.0_66]
	at java.lang.reflect.Method.invoke(Method.java:497) ~[?:1.8.0_66]
	at org.springframework.beans.factory.support.AbstractAutowireCapableBeanFactory.invokeCustomInitMethod(AbstractAutowireCapableBeanFactory.java:1706) ~[spring-beans-4.2.4.RELEASE.jar:4.2.4.RELEASE]
	at org.springframework.beans.factory.support.AbstractAutowireCapableBeanFactory.invokeInitMethods(AbstractAutowireCapableBeanFactory.java:1645) ~[spring-beans-4.2.4.RELEASE.jar:4.2.4.RELEASE]
	at org.springframework.beans.factory.support.AbstractAutowireCapableBeanFactory.initializeBean(AbstractAutowireCapableBeanFactory.java:1574) ~[spring-beans-4.2.4.RELEASE.jar:4.2.4.RELEASE]
	at org.springframework.beans.factory.support.AbstractAutowireCapableBeanFactory.doCreateBean(AbstractAutowireCapableBeanFactory.java:545) ~[spring-beans-4.2.4.RELEASE.jar:4.2.4.RELEASE]
	at org.springframework.beans.factory.support.AbstractAutowireCapableBeanFactory.createBean(AbstractAutowireCapableBeanFactory.java:482) ~[spring-beans-4.2.4.RELEASE.jar:4.2.4.RELEASE]
	at org.springframework.beans.factory.support.AbstractBeanFactory$1.getObject(AbstractBeanFactory.java:306) ~[spring-beans-4.2.4.RELEASE.jar:4.2.4.RELEASE]
	at org.springframework.beans.factory.support.DefaultSingletonBeanRegistry.getSingleton(DefaultSingletonBeanRegistry.java:230) ~[spring-beans-4.2.4.RELEASE.jar:4.2.4.RELEASE]
	at org.springframework.beans.factory.support.AbstractBeanFactory.doGetBean(AbstractBeanFactory.java:302) ~[spring-beans-4.2.4.RELEASE.jar:4.2.4.RELEASE]
	at org.springframework.beans.factory.support.AbstractBeanFactory.getBean(AbstractBeanFactory.java:197) ~[spring-beans-4.2.4.RELEASE.jar:4.2.4.RELEASE]
	at org.springframework.beans.factory.support.BeanDefinitionValueResolver.resolveReference(BeanDefinitionValueResolver.java:351) ~[spring-beans-4.2.4.RELEASE.jar:4.2.4.RELEASE]
	... 22 more
2016-01-16 15:28:33,957 - dubbo.config.AbstractConfig [DubboShutdownHook] INFO  dubbo.config.AbstractConfig$1(450) [] -  [DUBBO] Run shutdown hook now., dubbo version: 2.5.3, current host: 127.0.0.1
2016-01-16 15:28:33,959 - registry.support.AbstractRegistryFactory [DubboShutdownHook] INFO  registry.support.AbstractRegistryFactory(63) [] -  [DUBBO] Close all registries [], dubbo version: 2.5.3, current host: 127.0.0.1
